INFO  [alembic.runtime.migration] Context impl PostgresqlImpl.
INFO  [alembic.runtime.migration] Will assume transactional DDL.
INFO  [alembic.runtime.migration] Running upgrade  -> 5772438b6129, add quantity to balances
Traceback (most recent call last):
  File "C:\Users\elies\miniconda3\Lib\site-packages\sqlalchemy\engine\base.py", line 1969, in _exec_single_context
    self.dialect.do_execute(
  File "C:\Users\elies\miniconda3\Lib\site-packages\sqlalchemy\engine\default.py", line 922, in do_execute
    cursor.execute(statement, parameters)
psycopg2.errors.DependentObjectsStillExist: cannot drop column currency of table balances because other objects depend on it
DETAIL:  view balances_deleted depends on column currency of table balances
view balances_exists depends on column currency of table balances
HINT:  Use DROP ... CASCADE to drop the dependent objects too.


The above exception was the direct cause of the following exception:

Traceback (most recent call last):
  File "<frozen runpy>", line 198, in _run_module_as_main
  File "<frozen runpy>", line 88, in _run_code
  File "C:\Users\elies\miniconda3\Scripts\alembic.exe\__main__.py", line 7, in <module>
  File "C:\Users\elies\miniconda3\Lib\site-packages\alembic\config.py", line 641, in main
    CommandLine(prog=prog).main(argv=argv)
  File "C:\Users\elies\miniconda3\Lib\site-packages\alembic\config.py", line 631, in main
    self.run_cmd(cfg, options)
  File "C:\Users\elies\miniconda3\Lib\site-packages\alembic\config.py", line 608, in run_cmd
    fn(
  File "C:\Users\elies\miniconda3\Lib\site-packages\alembic\command.py", line 403, in upgrade
    script.run_env()
  File "C:\Users\elies\miniconda3\Lib\site-packages\alembic\script\base.py", line 583, in run_env
    util.load_python_file(self.dir, "env.py")
  File "C:\Users\elies\miniconda3\Lib\site-packages\alembic\util\pyfiles.py", line 95, in load_python_file
    module = load_module_py(module_id, path)
             ^^^^^^^^^^^^^^^^^^^^^^^^^^^^^^^
  File "C:\Users\elies\miniconda3\Lib\site-packages\alembic\util\pyfiles.py", line 113, in load_module_py
    spec.loader.exec_module(module)  # type: ignore
    ^^^^^^^^^^^^^^^^^^^^^^^^^^^^^^^
  File "<frozen importlib._bootstrap_external>", line 995, in exec_module
  File "<frozen importlib._bootstrap>", line 488, in _call_with_frames_removed
  File "C:\Users\elies\OneDrive\Documents\Projects\finances-app\backend\core/migrations\env.py", line 85, in <module>
    run_migrations_online()
  File "C:\Users\elies\OneDrive\Documents\Projects\finances-app\backend\core/migrations\env.py", line 79, in run_migrations_online
    context.run_migrations()
  File "<string>", line 8, in run_migrations
  File "C:\Users\elies\miniconda3\Lib\site-packages\alembic\runtime\environment.py", line 948, in run_migrations
    self.get_context().run_migrations(**kw)
  File "C:\Users\elies\miniconda3\Lib\site-packages\alembic\runtime\migration.py", line 627, in run_migrations
    step.migration_fn(**kw)
  File "C:\Users\elies\OneDrive\Documents\Projects\finances-app\backend\core\migrations\versions\5772438b6129_add_quantity_to_balances.py", line 25, in upgrade
    op.drop_column('balances', 'currency')
  File "<string>", line 8, in drop_column
  File "<string>", line 3, in drop_column
  File "C:\Users\elies\miniconda3\Lib\site-packages\alembic\operations\ops.py", line 2287, in drop_column
    return operations.invoke(op)
           ^^^^^^^^^^^^^^^^^^^^^
  File "C:\Users\elies\miniconda3\Lib\site-packages\alembic\operations\base.py", line 445, in invoke
    return fn(self, operation)
           ^^^^^^^^^^^^^^^^^^^
  File "C:\Users\elies\miniconda3\Lib\site-packages\alembic\operations\toimpl.py", line 92, in drop_column
    operations.impl.drop_column(
  File "C:\Users\elies\miniconda3\Lib\site-packages\alembic\ddl\impl.py", line 343, in drop_column
    self._exec(base.DropColumn(table_name, column, schema=schema))
  File "C:\Users\elies\miniconda3\Lib\site-packages\alembic\ddl\impl.py", line 207, in _exec
    return conn.execute(construct, multiparams)
           ^^^^^^^^^^^^^^^^^^^^^^^^^^^^^^^^^^^^
  File "C:\Users\elies\miniconda3\Lib\site-packages\sqlalchemy\engine\base.py", line 1416, in execute
    return meth(
           ^^^^^
  File "C:\Users\elies\miniconda3\Lib\site-packages\sqlalchemy\sql\ddl.py", line 181, in _execute_on_connection
    return connection._execute_ddl(
           ^^^^^^^^^^^^^^^^^^^^^^^^
  File "C:\Users\elies\miniconda3\Lib\site-packages\sqlalchemy\engine\base.py", line 1528, in _execute_ddl
    ret = self._execute_context(
          ^^^^^^^^^^^^^^^^^^^^^^
  File "C:\Users\elies\miniconda3\Lib\site-packages\sqlalchemy\engine\base.py", line 1848, in _execute_context
    return self._exec_single_context(
           ^^^^^^^^^^^^^^^^^^^^^^^^^^
  File "C:\Users\elies\miniconda3\Lib\site-packages\sqlalchemy\engine\base.py", line 1988, in _exec_single_context
    self._handle_dbapi_exception(
  File "C:\Users\elies\miniconda3\Lib\site-packages\sqlalchemy\engine\base.py", line 2344, in _handle_dbapi_exception
    raise sqlalchemy_exception.with_traceback(exc_info[2]) from e
  File "C:\Users\elies\miniconda3\Lib\site-packages\sqlalchemy\engine\base.py", line 1969, in _exec_single_context
    self.dialect.do_execute(
  File "C:\Users\elies\miniconda3\Lib\site-packages\sqlalchemy\engine\default.py", line 922, in do_execute
    cursor.execute(statement, parameters)
sqlalchemy.exc.InternalError: (psycopg2.errors.DependentObjectsStillExist) cannot drop column currency of table balances because other objects depend on it
DETAIL:  view balances_deleted depends on column currency of table balances
view balances_exists depends on column currency of table balances
HINT:  Use DROP ... CASCADE to drop the dependent objects too.

[SQL: ALTER TABLE balances DROP COLUMN currency]
(Background on this error at: https://sqlalche.me/e/20/2j85)
